{"/app/src/server.ts": {"path":"/app/src/server.ts","statementMap":{"0":{"start":{"line":13,"column":2},"end":{"line":25,"column":null}},"1":{"start":{"line":14,"column":4},"end":{"line":24,"column":null}},"2":{"start":{"line":15,"column":6},"end":{"line":22,"column":null}},"3":{"start":{"line":16,"column":8},"end":{"line":18,"column":null}},"4":{"start":{"line":17,"column":10},"end":{"line":17,"column":null}},"5":{"start":{"line":19,"column":8},"end":{"line":21,"column":null}},"6":{"start":{"line":20,"column":10},"end":{"line":20,"column":null}},"7":{"start":{"line":23,"column":6},"end":{"line":23,"column":null}},"8":{"start":{"line":26,"column":2},"end":{"line":26,"column":null}},"9":{"start":{"line":30,"column":2},"end":{"line":33,"column":null}},"10":{"start":{"line":38,"column":2},"end":{"line":42,"column":null}},"11":{"start":{"line":39,"column":4},"end":{"line":39,"column":null}},"12":{"start":{"line":41,"column":4},"end":{"line":41,"column":null}},"13":{"start":{"line":44,"column":2},"end":{"line":46,"column":null}},"14":{"start":{"line":45,"column":4},"end":{"line":45,"column":null}},"15":{"start":{"line":48,"column":17},"end":{"line":48,"column":null}},"16":{"start":{"line":49,"column":23},"end":{"line":49,"column":null}},"17":{"start":{"line":50,"column":2},"end":{"line":52,"column":null}},"18":{"start":{"line":50,"column":42},"end":{"line":50,"column":63}},"19":{"start":{"line":51,"column":4},"end":{"line":51,"column":null}},"20":{"start":{"line":54,"column":2},"end":{"line":57,"column":null}},"21":{"start":{"line":64,"column":2},"end":{"line":64,"column":null}},"22":{"start":{"line":64,"column":29},"end":{"line":64,"column":null}},"23":{"start":{"line":65,"column":22},"end":{"line":65,"column":null}},"24":{"start":{"line":66,"column":2},"end":{"line":66,"column":null}},"25":{"start":{"line":66,"column":49},"end":{"line":66,"column":null}},"26":{"start":{"line":68,"column":15},"end":{"line":68,"column":null}},"27":{"start":{"line":69,"column":2},"end":{"line":71,"column":null}},"28":{"start":{"line":70,"column":4},"end":{"line":70,"column":null}},"29":{"start":{"line":73,"column":2},"end":{"line":73,"column":null}},"30":{"start":{"line":74,"column":2},"end":{"line":74,"column":null}},"31":{"start":{"line":79,"column":4},"end":{"line":86,"column":null}},"32":{"start":{"line":80,"column":22},"end":{"line":80,"column":null}},"33":{"start":{"line":81,"column":23},"end":{"line":81,"column":null}},"34":{"start":{"line":82,"column":6},"end":{"line":82,"column":null}},"35":{"start":{"line":84,"column":6},"end":{"line":84,"column":null}},"36":{"start":{"line":85,"column":6},"end":{"line":85,"column":null}}},"fnMap":{"0":{"name":"getServerEntry","decl":{"start":{"line":12,"column":15},"end":{"line":12,"column":54}},"loc":{"start":{"line":12,"column":54},"end":{"line":27,"column":null}},"line":12},"1":{"name":"(anonymous_1)","decl":{"start":{"line":14,"column":82},"end":{"line":14,"column":null}},"loc":{"start":{"line":14,"column":82},"end":{"line":24,"column":5}},"line":14},"2":{"name":"brandedErrorResponse","decl":{"start":{"line":29,"column":9},"end":{"line":29,"column":42}},"loc":{"start":{"line":29,"column":42},"end":{"line":34,"column":null}},"line":29},"3":{"name":"isCatastrophicSsrErrorBody","decl":{"start":{"line":36,"column":16},"end":{"line":36,"column":43}},"loc":{"start":{"line":36,"column":90},"end":{"line":59,"column":null}},"line":36},"4":{"name":"(anonymous_4)","decl":{"start":{"line":50,"column":33},"end":{"line":50,"column":34}},"loc":{"start":{"line":50,"column":42},"end":{"line":50,"column":63}},"line":50},"5":{"name":"normalizeCatastrophicSsrResponse","decl":{"start":{"line":63,"column":15},"end":{"line":63,"column":48}},"loc":{"start":{"line":63,"column":87},"end":{"line":75,"column":null}},"line":63},"6":{"name":"(anonymous_6)","decl":{"start":{"line":78,"column":8},"end":{"line":78,"column":14}},"loc":{"start":{"line":78,"column":52},"end":{"line":87,"column":null}},"line":78}},"branchMap":{"0":{"loc":{"start":{"line":13,"column":2},"end":{"line":25,"column":null}},"type":"if","locations":[{"start":{"line":13,"column":2},"end":{"line":25,"column":null}},{"start":{},"end":{}}],"line":13},"1":{"loc":{"start":{"line":15,"column":6},"end":{"line":22,"column":null}},"type":"if","locations":[{"start":{"line":15,"column":6},"end":{"line":22,"column":null}},{"start":{},"end":{}}],"line":15},"2":{"loc":{"start":{"line":15,"column":10},"end":{"line":15,"column":38}},"type":"binary-expr","locations":[{"start":{"line":15,"column":10},"end":{"line":15,"column":15}},{"start":{"line":15,"column":15},"end":{"line":15,"column":38}}],"line":15},"3":{"loc":{"start":{"line":16,"column":8},"end":{"line":18,"column":null}},"type":"if","locations":[{"start":{"line":16,"column":8},"end":{"line":18,"column":null}},{"start":{},"end":{}}],"line":16},"4":{"loc":{"start":{"line":19,"column":8},"end":{"line":21,"column":null}},"type":"if","locations":[{"start":{"line":19,"column":8},"end":{"line":21,"column":null}},{"start":{},"end":{}}],"line":19},"5":{"loc":{"start":{"line":19,"column":12},"end":{"line":19,"column":88}},"type":"binary-expr","locations":[{"start":{"line":19,"column":12},"end":{"line":19,"column":28}},{"start":{"line":19,"column":28},"end":{"line":19,"column":88}}],"line":19},"6":{"loc":{"start":{"line":44,"column":2},"end":{"line":46,"column":null}},"type":"if","locations":[{"start":{"line":44,"column":2},"end":{"line":46,"column":null}},{"start":{},"end":{}}],"line":44},"7":{"loc":{"start":{"line":44,"column":6},"end":{"line":44,"column":73}},"type":"binary-expr","locations":[{"start":{"line":44,"column":6},"end":{"line":44,"column":18}},{"start":{"line":44,"column":18},"end":{"line":44,"column":44}},{"start":{"line":44,"column":44},"end":{"line":44,"column":73}}],"line":44},"8":{"loc":{"start":{"line":50,"column":2},"end":{"line":52,"column":null}},"type":"if","locations":[{"start":{"line":50,"column":2},"end":{"line":52,"column":null}},{"start":{},"end":{}}],"line":50},"9":{"loc":{"start":{"line":55,"column":4},"end":{"line":57,"column":null}},"type":"binary-expr","locations":[{"start":{"line":55,"column":4},"end":{"line":55,"column":null}},{"start":{"line":56,"column":4},"end":{"line":56,"column":null}},{"start":{"line":57,"column":5},"end":{"line":57,"column":36}},{"start":{"line":57,"column":36},"end":{"line":57,"column":null}}],"line":55},"10":{"loc":{"start":{"line":64,"column":2},"end":{"line":64,"column":null}},"type":"if","locations":[{"start":{"line":64,"column":2},"end":{"line":64,"column":null}},{"start":{},"end":{}}],"line":64},"11":{"loc":{"start":{"line":65,"column":22},"end":{"line":65,"column":null}},"type":"binary-expr","locations":[{"start":{"line":65,"column":22},"end":{"line":65,"column":62}},{"start":{"line":65,"column":62},"end":{"line":65,"column":null}}],"line":65},"12":{"loc":{"start":{"line":66,"column":2},"end":{"line":66,"column":null}},"type":"if","locations":[{"start":{"line":66,"column":2},"end":{"line":66,"column":null}},{"start":{},"end":{}}],"line":66},"13":{"loc":{"start":{"line":69,"column":2},"end":{"line":71,"column":null}},"type":"if","locations":[{"start":{"line":69,"column":2},"end":{"line":71,"column":null}},{"start":{},"end":{}}],"line":69},"14":{"loc":{"start":{"line":73,"column":10},"end":{"line":73,"column":90}},"type":"binary-expr","locations":[{"start":{"line":73,"column":10},"end":{"line":73,"column":46}},{"start":{"line":73,"column":46},"end":{"line":73,"column":90}}],"line":73}},"s":{"0":0,"1":0,"2":0,"3":0,"4":0,"5":0,"6":0,"7":0,"8":0,"9":0,"10":16,"11":16,"12":1,"13":15,"14":5,"15":10,"16":10,"17":10,"18":28,"19":1,"20":9,"21":0,"22":0,"23":0,"24":0,"25":0,"26":0,"27":0,"28":0,"29":0,"30":0,"31":0,"32":0,"33":0,"34":0,"35":0,"36":0},"f":{"0":0,"1":0,"2":0,"3":16,"4":28,"5":0,"6":0},"b":{"0":[0,0],"1":[0,0],"2":[0,0],"3":[0,0],"4":[0,0],"5":[0,0],"6":[5,10],"7":[15,14,13],"8":[1,9],"9":[9,6,3,2],"10":[0,0],"11":[0,0],"12":[0,0],"13":[0,0],"14":[0,0]},"meta":{"lastBranch":15,"lastFunction":7,"lastStatement":37,"seen":{"f:12:15:12:54":0,"b:13:2:25:Infinity:undefined:undefined:undefined:undefined":0,"s:13:2:25:Infinity":0,"s:14:4:24:Infinity":1,"f:14:82:14:Infinity":1,"b:15:6:22:Infinity:undefined:undefined:undefined:undefined":1,"s:15:6:22:Infinity":2,"b:15:10:15:15:15:15:15:38":2,"b:16:8:18:Infinity:undefined:undefined:undefined:undefined":3,"s:16:8:18:Infinity":3,"s:17:10:17:Infinity":4,"b:19:8:21:Infinity:undefined:undefined:undefined:undefined":4,"s:19:8:21:Infinity":5,"b:19:12:19:28:19:28:19:88":5,"s:20:10:20:Infinity":6,"s:23:6:23:Infinity":7,"s:26:2:26:Infinity":8,"f:29:9:29:42":2,"s:30:2:33:Infinity":9,"f:36:16:36:43":3,"s:38:2:42:Infinity":10,"s:39:4:39:Infinity":11,"s:41:4:41:Infinity":12,"b:44:2:46:Infinity:undefined:undefined:undefined:undefined":6,"s:44:2:46:Infinity":13,"b:44:6:44:18:44:18:44:44:44:44:44:73":7,"s:45:4:45:Infinity":14,"s:48:17:48:Infinity":15,"s:49:23:49:Infinity":16,"b:50:2:52:Infinity:undefined:undefined:undefined:undefined":8,"s:50:2:52:Infinity":17,"f:50:33:50:34":4,"s:50:42:50:63":18,"s:51:4:51:Infinity":19,"s:54:2:57:Infinity":20,"b:55:4:55:Infinity:56:4:56:Infinity:57:5:57:36:57:36:57:Infinity":9,"f:63:15:63:48":5,"b:64:2:64:Infinity:undefined:undefined:undefined:undefined":10,"s:64:2:64:Infinity":21,"s:64:29:64:Infinity":22,"s:65:22:65:Infinity":23,"b:65:22:65:62:65:62:65:Infinity":11,"b:66:2:66:Infinity:undefined:undefined:undefined:undefined":12,"s:66:2:66:Infinity":24,"s:66:49:66:Infinity":25,"s:68:15:68:Infinity":26,"b:69:2:71:Infinity:undefined:undefined:undefined:undefined":13,"s:69:2:71:Infinity":27,"s:70:4:70:Infinity":28,"s:73:2:73:Infinity":29,"b:73:10:73:46:73:46:73:90":14,"s:74:2:74:Infinity":30,"f:78:8:78:14":6,"s:79:4:86:Infinity":31,"s:80:22:80:Infinity":32,"s:81:23:81:Infinity":33,"s:82:6:82:Infinity":34,"s:84:6:84:Infinity":35,"s:85:6:85:Infinity":36}}}
,"/app/src/components/ui/badge.tsx": {"path":"/app/src/components/ui/badge.tsx","statementMap":{"0":{"start":{"line":7,"column":6},"end":{"line":24,"column":null}},"1":{"start":{"line":30,"column":2},"end":{"line":30,"column":null}}},"fnMap":{"0":{"name":"Badge","decl":{"start":{"line":29,"column":9},"end":{"line":29,"column":15}},"loc":{"start":{"line":29,"column":61},"end":{"line":31,"column":null}},"line":29}},"branchMap":{},"s":{"0":1,"1":3},"f":{"0":3},"b":{},"meta":{"lastBranch":0,"lastFunction":1,"lastStatement":2,"seen":{"s:7:6:24:Infinity":0,"f:29:9:29:15":0,"s:30:2:30:Infinity":1}}}
,"/app/src/components/ui/button.tsx": {"path":"/app/src/components/ui/button.tsx","statementMap":{"0":{"start":{"line":8,"column":6},"end":{"line":33,"column":null}},"1":{"start":{"line":40,"column":15},"end":{"line":47,"column":null}},"2":{"start":{"line":42,"column":17},"end":{"line":42,"column":null}},"3":{"start":{"line":43,"column":4},"end":{"line":44,"column":null}},"4":{"start":{"line":48,"column":0},"end":{"line":48,"column":null}}},"fnMap":{"0":{"name":"(anonymous_0)","decl":{"start":{"line":41,"column":2},"end":{"line":41,"column":3}},"loc":{"start":{"line":41,"column":68},"end":{"line":46,"column":null}},"line":41}},"branchMap":{"0":{"loc":{"start":{"line":41,"column":31},"end":{"line":41,"column":48}},"type":"default-arg","locations":[{"start":{"line":41,"column":41},"end":{"line":41,"column":48}}],"line":41},"1":{"loc":{"start":{"line":42,"column":17},"end":{"line":42,"column":null}},"type":"cond-expr","locations":[{"start":{"line":42,"column":27},"end":{"line":42,"column":34}},{"start":{"line":42,"column":34},"end":{"line":42,"column":null}}],"line":42}},"s":{"0":1,"1":1,"2":4,"3":4,"4":1},"f":{"0":4},"b":{"0":[4],"1":[1,3]},"meta":{"lastBranch":2,"lastFunction":1,"lastStatement":5,"seen":{"s:8:6:33:Infinity":0,"s:40:15:47:Infinity":1,"f:41:2:41:3":0,"b:41:41:41:48":0,"s:42:17:42:Infinity":2,"b:42:27:42:34:42:34:42:Infinity":1,"s:43:4:44:Infinity":3,"s:48:0:48:Infinity":4}}}
,"/app/src/components/ui/card.tsx": {"path":"/app/src/components/ui/card.tsx","statementMap":{"0":{"start":{"line":5,"column":13},"end":{"line":13,"column":null}},"1":{"start":{"line":7,"column":4},"end":{"line":11,"column":null}},"2":{"start":{"line":14,"column":0},"end":{"line":14,"column":null}},"3":{"start":{"line":16,"column":19},"end":{"line":20,"column":null}},"4":{"start":{"line":18,"column":4},"end":{"line":18,"column":null}},"5":{"start":{"line":21,"column":0},"end":{"line":21,"column":null}},"6":{"start":{"line":23,"column":18},"end":{"line":31,"column":null}},"7":{"start":{"line":25,"column":4},"end":{"line":29,"column":null}},"8":{"start":{"line":32,"column":0},"end":{"line":32,"column":null}},"9":{"start":{"line":34,"column":24},"end":{"line":38,"column":null}},"10":{"start":{"line":36,"column":4},"end":{"line":36,"column":null}},"11":{"start":{"line":39,"column":0},"end":{"line":39,"column":null}},"12":{"start":{"line":41,"column":20},"end":{"line":45,"column":null}},"13":{"start":{"line":43,"column":4},"end":{"line":43,"column":null}},"14":{"start":{"line":46,"column":0},"end":{"line":46,"column":null}},"15":{"start":{"line":48,"column":19},"end":{"line":52,"column":null}},"16":{"start":{"line":50,"column":4},"end":{"line":50,"column":null}},"17":{"start":{"line":53,"column":0},"end":{"line":53,"column":null}}},"fnMap":{"0":{"name":"(anonymous_0)","decl":{"start":{"line":6,"column":2},"end":{"line":6,"column":3}},"loc":{"start":{"line":7,"column":4},"end":{"line":11,"column":null}},"line":7},"1":{"name":"(anonymous_1)","decl":{"start":{"line":17,"column":2},"end":{"line":17,"column":3}},"loc":{"start":{"line":18,"column":4},"end":{"line":18,"column":null}},"line":18},"2":{"name":"(anonymous_2)","decl":{"start":{"line":24,"column":2},"end":{"line":24,"column":3}},"loc":{"start":{"line":25,"column":4},"end":{"line":29,"column":null}},"line":25},"3":{"name":"(anonymous_3)","decl":{"start":{"line":35,"column":2},"end":{"line":35,"column":3}},"loc":{"start":{"line":36,"column":4},"end":{"line":36,"column":null}},"line":36},"4":{"name":"(anonymous_4)","decl":{"start":{"line":42,"column":2},"end":{"line":42,"column":3}},"loc":{"start":{"line":43,"column":4},"end":{"line":43,"column":null}},"line":43},"5":{"name":"(anonymous_5)","decl":{"start":{"line":49,"column":2},"end":{"line":49,"column":3}},"loc":{"start":{"line":50,"column":4},"end":{"line":50,"column":null}},"line":50}},"branchMap":{},"s":{"0":1,"1":2,"2":1,"3":1,"4":2,"5":1,"6":1,"7":2,"8":1,"9":1,"10":2,"11":1,"12":1,"13":2,"14":1,"15":1,"16":2,"17":1},"f":{"0":2,"1":2,"2":2,"3":2,"4":2,"5":2},"b":{},"meta":{"lastBranch":0,"lastFunction":6,"lastStatement":18,"seen":{"s:5:13:13:Infinity":0,"f:6:2:6:3":0,"s:7:4:11:Infinity":1,"s:14:0:14:Infinity":2,"s:16:19:20:Infinity":3,"f:17:2:17:3":1,"s:18:4:18:Infinity":4,"s:21:0:21:Infinity":5,"s:23:18:31:Infinity":6,"f:24:2:24:3":2,"s:25:4:29:Infinity":7,"s:32:0:32:Infinity":8,"s:34:24:38:Infinity":9,"f:35:2:35:3":3,"s:36:4:36:Infinity":10,"s:39:0:39:Infinity":11,"s:41:20:45:Infinity":12,"f:42:2:42:3":4,"s:43:4:43:Infinity":13,"s:46:0:46:Infinity":14,"s:48:19:52:Infinity":15,"f:49:2:49:3":5,"s:50:4:50:Infinity":16,"s:53:0:53:Infinity":17}}}
,"/app/src/hooks/use-mobile.tsx": {"path":"/app/src/hooks/use-mobile.tsx","statementMap":{"0":{"start":{"line":3,"column":26},"end":{"line":3,"column":null}},"1":{"start":{"line":6,"column":34},"end":{"line":6,"column":null}},"2":{"start":{"line":8,"column":2},"end":{"line":16,"column":null}},"3":{"start":{"line":9,"column":16},"end":{"line":9,"column":null}},"4":{"start":{"line":10,"column":21},"end":{"line":12,"column":null}},"5":{"start":{"line":11,"column":6},"end":{"line":11,"column":null}},"6":{"start":{"line":13,"column":4},"end":{"line":13,"column":null}},"7":{"start":{"line":14,"column":4},"end":{"line":14,"column":null}},"8":{"start":{"line":15,"column":4},"end":{"line":15,"column":null}},"9":{"start":{"line":15,"column":17},"end":{"line":15,"column":null}},"10":{"start":{"line":18,"column":2},"end":{"line":18,"column":null}}},"fnMap":{"0":{"name":"useIsMobile","decl":{"start":{"line":5,"column":16},"end":{"line":5,"column":39}},"loc":{"start":{"line":5,"column":39},"end":{"line":19,"column":null}},"line":5},"1":{"name":"(anonymous_1)","decl":{"start":{"line":8,"column":18},"end":{"line":8,"column":24}},"loc":{"start":{"line":8,"column":24},"end":{"line":16,"column":5}},"line":8},"2":{"name":"(anonymous_2)","decl":{"start":{"line":10,"column":21},"end":{"line":10,"column":27}},"loc":{"start":{"line":10,"column":27},"end":{"line":12,"column":null}},"line":10},"3":{"name":"(anonymous_3)","decl":{"start":{"line":15,"column":11},"end":{"line":15,"column":17}},"loc":{"start":{"line":15,"column":17},"end":{"line":15,"column":null}},"line":15}},"branchMap":{},"s":{"0":1,"1":8,"2":8,"3":3,"4":3,"5":2,"6":3,"7":3,"8":3,"9":3,"10":8},"f":{"0":8,"1":3,"2":2,"3":3},"b":{},"meta":{"lastBranch":0,"lastFunction":4,"lastStatement":11,"seen":{"s:3:26:3:Infinity":0,"f:5:16:5:39":0,"s:6:34:6:Infinity":1,"s:8:2:16:Infinity":2,"f:8:18:8:24":1,"s:9:16:9:Infinity":3,"s:10:21:12:Infinity":4,"f:10:21:10:27":2,"s:11:6:11:Infinity":5,"s:13:4:13:Infinity":6,"s:14:4:14:Infinity":7,"s:15:4:15:Infinity":8,"f:15:11:15:17":3,"s:15:17:15:Infinity":9,"s:18:2:18:Infinity":10}}}
,"/app/src/lib/error-capture.ts": {"path":"/app/src/lib/error-capture.ts","statementMap":{"0":{"start":{"line":5,"column":15},"end":{"line":5,"column":null}},"1":{"start":{"line":8,"column":2},"end":{"line":8,"column":null}},"2":{"start":{"line":11,"column":0},"end":{"line":16,"column":null}},"3":{"start":{"line":12,"column":2},"end":{"line":12,"column":null}},"4":{"start":{"line":12,"column":50},"end":{"line":12,"column":94}},"5":{"start":{"line":13,"column":2},"end":{"line":15,"column":null}},"6":{"start":{"line":14,"column":4},"end":{"line":14,"column":null}},"7":{"start":{"line":19,"column":2},"end":{"line":19,"column":null}},"8":{"start":{"line":19,"column":26},"end":{"line":19,"column":null}},"9":{"start":{"line":20,"column":2},"end":{"line":23,"column":null}},"10":{"start":{"line":21,"column":4},"end":{"line":21,"column":null}},"11":{"start":{"line":22,"column":4},"end":{"line":22,"column":null}},"12":{"start":{"line":24,"column":20},"end":{"line":24,"column":null}},"13":{"start":{"line":25,"column":2},"end":{"line":25,"column":null}},"14":{"start":{"line":26,"column":2},"end":{"line":26,"column":null}}},"fnMap":{"0":{"name":"record","decl":{"start":{"line":7,"column":9},"end":{"line":7,"column":16}},"loc":{"start":{"line":7,"column":32},"end":{"line":9,"column":null}},"line":7},"1":{"name":"(anonymous_1)","decl":{"start":{"line":12,"column":39},"end":{"line":12,"column":40}},"loc":{"start":{"line":12,"column":50},"end":{"line":12,"column":94}},"line":12},"2":{"name":"(anonymous_2)","decl":{"start":{"line":13,"column":52},"end":{"line":13,"column":53}},"loc":{"start":{"line":14,"column":4},"end":{"line":14,"column":null}},"line":14},"3":{"name":"consumeLastCapturedError","decl":{"start":{"line":18,"column":16},"end":{"line":18,"column":52}},"loc":{"start":{"line":18,"column":52},"end":{"line":27,"column":null}},"line":18}},"branchMap":{"0":{"loc":{"start":{"line":11,"column":0},"end":{"line":16,"column":null}},"type":"if","locations":[{"start":{"line":11,"column":0},"end":{"line":16,"column":null}},{"start":{},"end":{}}],"line":11},"1":{"loc":{"start":{"line":12,"column":58},"end":{"line":12,"column":93}},"type":"binary-expr","locations":[{"start":{"line":12,"column":58},"end":{"line":12,"column":88}},{"start":{"line":12,"column":88},"end":{"line":12,"column":93}}],"line":12},"2":{"loc":{"start":{"line":19,"column":2},"end":{"line":19,"column":null}},"type":"if","locations":[{"start":{"line":19,"column":2},"end":{"line":19,"column":null}},{"start":{},"end":{}}],"line":19},"3":{"loc":{"start":{"line":20,"column":2},"end":{"line":23,"column":null}},"type":"if","locations":[{"start":{"line":20,"column":2},"end":{"line":23,"column":null}},{"start":{},"end":{}}],"line":20}},"s":{"0":1,"1":0,"2":1,"3":1,"4":0,"5":1,"6":0,"7":0,"8":0,"9":0,"10":0,"11":0,"12":0,"13":0,"14":0},"f":{"0":0,"1":0,"2":0,"3":0},"b":{"0":[1,0],"1":[0,0],"2":[0,0],"3":[0,0]},"meta":{"lastBranch":4,"lastFunction":4,"lastStatement":15,"seen":{"s:5:15:5:Infinity":0,"f:7:9:7:16":0,"s:8:2:8:Infinity":1,"b:11:0:16:Infinity:undefined:undefined:undefined:undefined":0,"s:11:0:16:Infinity":2,"s:12:2:12:Infinity":3,"f:12:39:12:40":1,"s:12:50:12:94":4,"b:12:58:12:88:12:88:12:93":1,"s:13:2:15:Infinity":5,"f:13:52:13:53":2,"s:14:4:14:Infinity":6,"f:18:16:18:52":3,"b:19:2:19:Infinity:undefined:undefined:undefined:undefined":2,"s:19:2:19:Infinity":7,"s:19:26:19:Infinity":8,"b:20:2:23:Infinity:undefined:undefined:undefined:undefined":3,"s:20:2:23:Infinity":9,"s:21:4:21:Infinity":10,"s:22:4:22:Infinity":11,"s:24:20:24:Infinity":12,"s:25:2:25:Infinity":13,"s:26:2:26:Infinity":14}}}
,"/app/src/lib/error-page.ts": {"path":"/app/src/lib/error-page.ts","statementMap":{"0":{"start":{"line":2,"column":2},"end":{"line":2,"column":null}}},"fnMap":{"0":{"name":"renderErrorPage","decl":{"start":{"line":1,"column":16},"end":{"line":1,"column":42}},"loc":{"start":{"line":1,"column":42},"end":{"line":30,"column":null}},"line":1}},"branchMap":{},"s":{"0":5},"f":{"0":5},"b":{},"meta":{"lastBranch":0,"lastFunction":1,"lastStatement":1,"seen":{"f:1:16:1:42":0,"s:2:2:2:Infinity":0}}}
,"/app/src/lib/utils.ts": {"path":"/app/src/lib/utils.ts","statementMap":{"0":{"start":{"line":5,"column":2},"end":{"line":5,"column":null}}},"fnMap":{"0":{"name":"cn","decl":{"start":{"line":4,"column":16},"end":{"line":4,"column":22}},"loc":{"start":{"line":4,"column":52},"end":{"line":6,"column":null}},"line":4}},"branchMap":{},"s":{"0":26},"f":{"0":26},"b":{},"meta":{"lastBranch":0,"lastFunction":1,"lastStatement":1,"seen":{"f:4:16:4:22":0,"s:5:2:5:Infinity":0}}}
}
